date: "2015-02-28 09:57:35.997"
argv: "node C:\\Users\\david\\AppData\\Roaming\\npm\\node_modules\\hexo\\bin\\hexo server"
os: Windows_NT 6.1.7601 win32 x64
versions:
  http_parser: "2.3"
  node: 0.12.0
  v8: 3.28.73
  uv: 1.0.2
  zlib: 1.2.8
  modules: "14"
  openssl: 1.0.1l
  hexo: 2.8.3
---
[debug] 09:57:35.394 Config file loaded from H:\Hexo-blog2\_config.yml[debug] 09:57:35.397 Updating package.json[debug] 09:57:35.400 Version info checked successfully[debug] 09:57:35.489 Processed: draft.md (2ms)[debug] 09:57:35.490 Processed: page.md (2ms)[debug] 09:57:35.490 Processed: photo.md (2ms)[debug] 09:57:35.490 Processed: post.md (2ms)[debug] 09:57:35.514 Plugin loaded successfully: hexo-renderer-ejs[debug] 09:57:35.536 Plugin loaded successfully: hexo-renderer-marked[debug] 09:57:35.840 Plugin loaded successfully: hexo-renderer-stylus[debug] 09:57:35.844 Script load successfully: fancybox.js[debug] 09:57:35.892 Processed: source/js/script.js (2ms)[debug] 09:57:35.892 Processed: source/css/_extend.styl (0ms)[debug] 09:57:35.892 Processed: source/css/_variables.styl (0ms)[debug] 09:57:35.893 Processed: source/css/style.styl (1ms)[debug] 09:57:35.893 Processed: source/css/_partial/archive.styl (0ms)[debug] 09:57:35.893 Processed: source/css/_partial/article.styl (0ms)[debug] 09:57:35.893 Processed: source/css/_partial/comment.styl (0ms)[debug] 09:57:35.893 Processed: source/css/_partial/footer.styl (0ms)[debug] 09:57:35.893 Processed: source/css/_partial/header.styl (0ms)[debug] 09:57:35.893 Processed: source/css/_partial/mobile.styl (0ms)[debug] 09:57:35.893 Processed: source/css/_partial/highlight.styl (0ms)[debug] 09:57:35.894 Processed: source/css/_partial/sidebar-aside.styl (1ms)[debug] 09:57:35.894 Processed: source/css/_partial/sidebar-bottom.styl (0ms)[debug] 09:57:35.894 Processed: source/css/_partial/sidebar.styl (0ms)[debug] 09:57:35.894 Processed: source/css/_util/grid.styl (0ms)[debug] 09:57:35.894 Processed: source/css/_util/mixin.styl (0ms)[debug] 09:57:35.894 Processed: source/css/fonts/FontAwesome.otf (0ms)[debug] 09:57:35.894 Processed: source/css/fonts/fontawesome-webfont.eot (0ms)[debug] 09:57:35.895 Processed: source/css/fonts/fontawesome-webfont.svg (1ms)[debug] 09:57:35.895 Processed: source/css/fonts/fontawesome-webfont.ttf (0ms)[debug] 09:57:35.895 Processed: source/css/fonts/fontawesome-webfont.woff (0ms)[debug] 09:57:35.895 Processed: source/css/images/banner.jpg (0ms)[debug] 09:57:35.896 Processed: source/fancybox/blank.gif (1ms)[debug] 09:57:35.896 Processed: source/fancybox/fancybox_loading.gif (0ms)[debug] 09:57:35.896 Processed: source/fancybox/fancybox_loading@2x.gif (0ms)[debug] 09:57:35.896 Processed: source/fancybox/fancybox_overlay.png (0ms)[debug] 09:57:35.896 Processed: source/fancybox/fancybox_sprite.png (0ms)[debug] 09:57:35.897 Processed: source/fancybox/fancybox_sprite@2x.png (1ms)[debug] 09:57:35.897 Processed: source/fancybox/jquery.fancybox.css (0ms)[debug] 09:57:35.897 Processed: source/fancybox/jquery.fancybox.js (0ms)[debug] 09:57:35.897 Processed: source/fancybox/jquery.fancybox.pack.js (0ms)[debug] 09:57:35.897 Processed: source/fancybox/helpers/fancybox_buttons.png (0ms)[debug] 09:57:35.898 Processed: source/fancybox/helpers/jquery.fancybox-buttons.css (1ms)[debug] 09:57:35.898 Processed: source/fancybox/helpers/jquery.fancybox-buttons.js (0ms)[debug] 09:57:35.898 Processed: source/fancybox/helpers/jquery.fancybox-media.js (0ms)[debug] 09:57:35.898 Processed: source/fancybox/helpers/jquery.fancybox-thumbs.css (0ms)[debug] 09:57:35.898 Processed: source/fancybox/helpers/jquery.fancybox-thumbs.js (0ms)[debug] 09:57:35.948 Processed: layout/category.ejs (65ms)[debug] 09:57:35.948 Processed: layout/archive.ejs (65ms)[debug] 09:57:35.948 Processed: layout/index.ejs (65ms)[debug] 09:57:35.948 Processed: layout/layout.ejs (64ms)[debug] 09:57:35.948 Processed: layout/page.ejs (64ms)[debug] 09:57:35.948 Processed: layout/post.ejs (64ms)[debug] 09:57:35.948 Processed: layout/tag.ejs (64ms)[debug] 09:57:35.948 Processed: layout/_widget/archive.ejs (63ms)[debug] 09:57:35.948 Processed: layout/_widget/category.ejs (63ms)[debug] 09:57:35.948 Processed: layout/_widget/recent_posts.ejs (63ms)[debug] 09:57:35.948 Processed: layout/_widget/tag.ejs (63ms)[debug] 09:57:35.948 Processed: layout/_widget/tagcloud.ejs (62ms)[debug] 09:57:35.949 Processed: layout/_partial/after-footer.ejs (63ms)[debug] 09:57:35.949 Processed: layout/_partial/archive-post.ejs (63ms)[debug] 09:57:35.949 Processed: layout/_partial/archive.ejs (63ms)[debug] 09:57:35.949 Processed: layout/_partial/article.ejs (62ms)[debug] 09:57:35.949 Processed: layout/_partial/footer.ejs (62ms)[debug] 09:57:35.949 Processed: layout/_partial/google-analytics.ejs (62ms)[debug] 09:57:35.949 Processed: layout/_partial/head.ejs (62ms)[debug] 09:57:35.949 Processed: layout/_partial/header.ejs (62ms)[debug] 09:57:35.949 Processed: layout/_partial/mobile-nav.ejs (62ms)[debug] 09:57:35.949 Processed: layout/_partial/sidebar.ejs (61ms)[debug] 09:57:35.949 Processed: layout/_partial/post/category.ejs (61ms)[debug] 09:57:35.949 Processed: layout/_partial/post/date.ejs (61ms)[debug] 09:57:35.949 Processed: layout/_partial/post/gallery.ejs (61ms)[debug] 09:57:35.949 Processed: layout/_partial/post/nav.ejs (60ms)[debug] 09:57:35.949 Processed: layout/_partial/post/tag.ejs (60ms)[debug] 09:57:35.949 Processed: layout/_partial/post/title.ejs (59ms)[debug] 09:57:35.950 Processed: _posts/hello-world.md (89ms)[debug] 09:57:35.951 Theme config loaded[debug] 09:57:35.951 Processed: _config.yml (69ms)[debug] 09:57:35.965 Generator: archive (8ms)[debug] 09:57:35.965 Generator: category (0ms)[debug] 09:57:35.966 Generator: home (1ms)[debug] 09:57:35.966 Generator: page (0ms)[debug] 09:57:35.968 Generator: post (2ms)[debug] 09:57:35.968 Generator: tag (0ms)[debug] 09:57:35.972 Generator: asset (4ms)[error] 09:57:35.984 HexoError: Port 4000 has been used. Try other port instead.
Error: listen EADDRINUSE
    at exports._errnoException (util.js:746:11)
    at Server._listen2 (net.js:1129:14)
    at listen (net.js:1155:10)
    at net.js:1253:9
    at GetAddrInfoReqWrap.asyncCallback [as callback] (dns.js:81:16)
    at GetAddrInfoReqWrap.onlookup [as oncomplete] (dns.js:99:10)
